app/build/intermediates/manifest_merge_blame_file/debug/manifest-merger-blame-debug-report.txt
1<?xml version="1.0" encoding="utf-8"?>
2<manifest xmlns:android="http://schemas.android.com/apk/res/android"
3    package="com.example.myapplication"
4    android:versionCode="1"
5    android:versionName="1.0" >
6
7    <uses-sdk
8        android:minSdkVersion="21"
8-->src\main\AndroidManifest.xml
9        android:targetSdkVersion="32" />
9-->src\main\AndroidManifest.xml
10
11    <uses-permission android:name="android.permission.INTERNET" />
11-->src\main\AndroidManifest.xml:5:5-67
11-->src\main\AndroidManifest.xml:5:22-64
12    <uses-permission android:name="android.permission.ACCESS_NETWORK_STATE" />
12-->src\main\AndroidManifest.xml:6:5-79
12-->src\main\AndroidManifest.xml:6:22-76
13
14    <application
14-->src\main\AndroidManifest.xml:8:5-54:19
15        android:allowBackup="true"
15-->src\main\AndroidManifest.xml:9:9-35
16        android:appComponentFactory="androidx.core.app.CoreComponentFactory"
16-->[androidx.core:core:1.7.0] AndroidManifest.xml:24:18-86
17        android:dataExtractionRules="@xml/data_extraction_rules"
17-->src\main\AndroidManifest.xml:10:9-65
18        android:debuggable="true"
19        android:fullBackupContent="@xml/backup_rules"
19-->src\main\AndroidManifest.xml:11:9-54
20        android:icon="@mipmap/ic_launcher"
20-->src\main\AndroidManifest.xml:12:9-43
21        android:label="@string/app_name"
21-->src\main\AndroidManifest.xml:13:9-41
22        android:roundIcon="@mipmap/ic_launcher_round"
22-->src\main\AndroidManifest.xml:14:9-54
23        android:supportsRtl="true"
23-->src\main\AndroidManifest.xml:15:9-35
24        android:testOnly="true"
25        android:theme="@style/Theme.MyApplication" >
25-->src\main\AndroidManifest.xml:16:9-51
26        <activity
26-->src\main\AndroidManifest.xml:18:9-29:20
27            android:name="com.example.myapplication.VerifyOTPActivity"
27-->src\main\AndroidManifest.xml:19:13-46
28            android:exported="false" >
28-->src\main\AndroidManifest.xml:20:13-37
29            <meta-data
29-->src\main\AndroidManifest.xml:21:13-23:36
30                android:name="android.app.lib_name"
30-->src\main\AndroidManifest.xml:22:17-52
31                android:value="" />
31-->src\main\AndroidManifest.xml:23:17-33
32
33            <intent-filter>
33-->src\main\AndroidManifest.xml:24:13-28:29
34                <action android:name="package.OtherActivity" />
34-->src\main\AndroidManifest.xml:25:17-64
34-->src\main\AndroidManifest.xml:25:25-61
35
36                <category android:name="android.intent.category.DEFAULT" />
36-->src\main\AndroidManifest.xml:27:17-76
36-->src\main\AndroidManifest.xml:27:27-73
37            </intent-filter>
38        </activity>
39        <activity
39-->src\main\AndroidManifest.xml:30:9-41:20
40            android:name="com.example.myapplication.SendOTPActivity"
40-->src\main\AndroidManifest.xml:31:13-44
41            android:exported="true" >
41-->src\main\AndroidManifest.xml:32:13-36
42            <meta-data
42-->src\main\AndroidManifest.xml:21:13-23:36
43                android:name="android.app.lib_name"
43-->src\main\AndroidManifest.xml:22:17-52
44                android:value="" />
44-->src\main\AndroidManifest.xml:23:17-33
45
46            <intent-filter>
46-->src\main\AndroidManifest.xml:36:13-40:29
47                <action android:name="android.intent.action.MAIN" />
47-->src\main\AndroidManifest.xml:37:17-69
47-->src\main\AndroidManifest.xml:37:25-66
48
49                <category android:name="android.intent.category.LAUNCHER" />
49-->src\main\AndroidManifest.xml:39:17-77
49-->src\main\AndroidManifest.xml:39:27-74
50            </intent-filter>
51        </activity>
52        <activity
52-->src\main\AndroidManifest.xml:42:9-53:20
53            android:name="com.example.myapplication.HomeActivity"
53-->src\main\AndroidManifest.xml:43:13-41
54            android:exported="false" >
54-->src\main\AndroidManifest.xml:44:13-37
55            <meta-data
55-->src\main\AndroidManifest.xml:21:13-23:36
56                android:name="android.app.lib_name"
56-->src\main\AndroidManifest.xml:22:17-52
57                android:value="" />
57-->src\main\AndroidManifest.xml:23:17-33
58
59            <intent-filter>
59-->src\main\AndroidManifest.xml:24:13-28:29
60                <action android:name="package.OtherActivity" />
60-->src\main\AndroidManifest.xml:25:17-64
60-->src\main\AndroidManifest.xml:25:25-61
61
62                <category android:name="android.intent.category.DEFAULT" />
62-->src\main\AndroidManifest.xml:27:17-76
62-->src\main\AndroidManifest.xml:27:27-73
63            </intent-filter>
64        </activity>
65        <activity
65-->[com.google.firebase:firebase-auth:21.1.0] AndroidManifest.xml:27:9-44:20
66            android:name="com.google.firebase.auth.internal.GenericIdpActivity"
66-->[com.google.firebase:firebase-auth:21.1.0] AndroidManifest.xml:28:13-80
67            android:excludeFromRecents="true"
67-->[com.google.firebase:firebase-auth:21.1.0] AndroidManifest.xml:29:13-46
68            android:exported="true"
68-->[com.google.firebase:firebase-auth:21.1.0] AndroidManifest.xml:30:13-36
69            android:launchMode="singleTask"
69-->[com.google.firebase:firebase-auth:21.1.0] AndroidManifest.xml:31:13-44
70            android:theme="@android:style/Theme.Translucent.NoTitleBar" >
70-->[com.google.firebase:firebase-auth:21.1.0] AndroidManifest.xml:32:13-72
71            <intent-filter>
71-->[com.google.firebase:firebase-auth:21.1.0] AndroidManifest.xml:33:13-43:29
72                <action android:name="android.intent.action.VIEW" />
72-->[com.google.firebase:firebase-auth:21.1.0] AndroidManifest.xml:34:17-69
72-->[com.google.firebase:firebase-auth:21.1.0] AndroidManifest.xml:34:25-66
73
74                <category android:name="android.intent.category.DEFAULT" />
74-->src\main\AndroidManifest.xml:27:17-76
74-->src\main\AndroidManifest.xml:27:27-73
75                <category android:name="android.intent.category.BROWSABLE" />
75-->[com.google.firebase:firebase-auth:21.1.0] AndroidManifest.xml:37:17-78
75-->[com.google.firebase:firebase-auth:21.1.0] AndroidManifest.xml:37:27-75
76
77                <data
77-->[com.google.firebase:firebase-auth:21.1.0] AndroidManifest.xml:39:17-42:51
78                    android:host="firebase.auth"
78-->[com.google.firebase:firebase-auth:21.1.0] AndroidManifest.xml:40:21-49
79                    android:path="/"
79-->[com.google.firebase:firebase-auth:21.1.0] AndroidManifest.xml:41:21-37
80                    android:scheme="genericidp" />
80-->[com.google.firebase:firebase-auth:21.1.0] AndroidManifest.xml:42:21-48
81            </intent-filter>
82        </activity>
83        <activity
83-->[com.google.firebase:firebase-auth:21.1.0] AndroidManifest.xml:45:9-62:20
84            android:name="com.google.firebase.auth.internal.RecaptchaActivity"
84-->[com.google.firebase:firebase-auth:21.1.0] AndroidManifest.xml:46:13-79
85            android:excludeFromRecents="true"
85-->[com.google.firebase:firebase-auth:21.1.0] AndroidManifest.xml:47:13-46
86            android:exported="true"
86-->[com.google.firebase:firebase-auth:21.1.0] AndroidManifest.xml:48:13-36
87            android:launchMode="singleTask"
87-->[com.google.firebase:firebase-auth:21.1.0] AndroidManifest.xml:49:13-44
88            android:theme="@android:style/Theme.Translucent.NoTitleBar" >
88-->[com.google.firebase:firebase-auth:21.1.0] AndroidManifest.xml:50:13-72
89            <intent-filter>
89-->[com.google.firebase:firebase-auth:21.1.0] AndroidManifest.xml:51:13-61:29
90                <action android:name="android.intent.action.VIEW" />
90-->[com.google.firebase:firebase-auth:21.1.0] AndroidManifest.xml:34:17-69
90-->[com.google.firebase:firebase-auth:21.1.0] AndroidManifest.xml:34:25-66
91
92                <category android:name="android.intent.category.DEFAULT" />
92-->src\main\AndroidManifest.xml:27:17-76
92-->src\main\AndroidManifest.xml:27:27-73
93                <category android:name="android.intent.category.BROWSABLE" />
93-->[com.google.firebase:firebase-auth:21.1.0] AndroidManifest.xml:37:17-78
93-->[com.google.firebase:firebase-auth:21.1.0] AndroidManifest.xml:37:27-75
94
95                <data
95-->[com.google.firebase:firebase-auth:21.1.0] AndroidManifest.xml:39:17-42:51
96                    android:host="firebase.auth"
96-->[com.google.firebase:firebase-auth:21.1.0] AndroidManifest.xml:40:21-49
97                    android:path="/"
97-->[com.google.firebase:firebase-auth:21.1.0] AndroidManifest.xml:41:21-37
98                    android:scheme="recaptcha" />
98-->[com.google.firebase:firebase-auth:21.1.0] AndroidManifest.xml:42:21-48
99            </intent-filter>
100        </activity>
101
102        <service
102-->[com.google.firebase:firebase-auth:21.1.0] AndroidManifest.xml:64:9-70:19
103            android:name="com.google.firebase.components.ComponentDiscoveryService"
103-->[com.google.firebase:firebase-auth:21.1.0] AndroidManifest.xml:65:13-84
104            android:directBootAware="true"
104-->[com.google.firebase:firebase-common:20.2.0] AndroidManifest.xml:34:13-43
105            android:exported="false" >
105-->[com.google.firebase:firebase-auth:21.1.0] AndroidManifest.xml:66:13-37
106            <meta-data
106-->[com.google.firebase:firebase-auth:21.1.0] AndroidManifest.xml:67:13-69:85
107                android:name="com.google.firebase.components:com.google.firebase.auth.FirebaseAuthRegistrar"
107-->[com.google.firebase:firebase-auth:21.1.0] AndroidManifest.xml:68:17-109
108                android:value="com.google.firebase.components.ComponentRegistrar" />
108-->[com.google.firebase:firebase-auth:21.1.0] AndroidManifest.xml:69:17-82
109        </service>
110
111        <provider
111-->[com.google.firebase:firebase-common:20.2.0] AndroidManifest.xml:25:9-30:39
112            android:name="com.google.firebase.provider.FirebaseInitProvider"
112-->[com.google.firebase:firebase-common:20.2.0] AndroidManifest.xml:26:13-77
113            android:authorities="com.example.myapplication.firebaseinitprovider"
113-->[com.google.firebase:firebase-common:20.2.0] AndroidManifest.xml:27:13-72
114            android:directBootAware="true"
114-->[com.google.firebase:firebase-common:20.2.0] AndroidManifest.xml:28:13-43
115            android:exported="false"
115-->[com.google.firebase:firebase-common:20.2.0] AndroidManifest.xml:29:13-37
116            android:initOrder="100" />
116-->[com.google.firebase:firebase-common:20.2.0] AndroidManifest.xml:30:13-36
117
118        <activity
118-->[com.google.android.gms:play-services-base:17.1.0] AndroidManifest.xml:23:9-26:75
119            android:name="com.google.android.gms.common.api.GoogleApiActivity"
119-->[com.google.android.gms:play-services-base:17.1.0] AndroidManifest.xml:24:13-79
120            android:exported="false"
120-->[com.google.android.gms:play-services-base:17.1.0] AndroidManifest.xml:25:13-37
121            android:theme="@android:style/Theme.Translucent.NoTitleBar" />
121-->[com.google.android.gms:play-services-base:17.1.0] AndroidManifest.xml:26:13-72
122
123        <meta-data
123-->[com.google.android.gms:play-services-basement:18.1.0] AndroidManifest.xml:21:9-23:69
124            android:name="com.google.android.gms.version"
124-->[com.google.android.gms:play-services-basement:18.1.0] AndroidManifest.xml:22:13-58
125            android:value="@integer/google_play_services_version" />
125-->[com.google.android.gms:play-services-basement:18.1.0] AndroidManifest.xml:23:13-66
126
127        <provider
127-->[androidx.emoji2:emoji2:1.0.0] AndroidManifest.xml:26:9-34:20
128            android:name="androidx.startup.InitializationProvider"
128-->[androidx.emoji2:emoji2:1.0.0] AndroidManifest.xml:27:13-67
129            android:authorities="com.example.myapplication.androidx-startup"
129-->[androidx.emoji2:emoji2:1.0.0] AndroidManifest.xml:28:13-68
130            android:exported="false" >
130-->[androidx.emoji2:emoji2:1.0.0] AndroidManifest.xml:29:13-37
131            <meta-data
131-->[androidx.emoji2:emoji2:1.0.0] AndroidManifest.xml:31:13-33:52
132                android:name="androidx.emoji2.text.EmojiCompatInitializer"
132-->[androidx.emoji2:emoji2:1.0.0] AndroidManifest.xml:32:17-75
133                android:value="androidx.startup" />
133-->[androidx.emoji2:emoji2:1.0.0] AndroidManifest.xml:33:17-49
134            <meta-data
134-->[androidx.lifecycle:lifecycle-process:2.4.0] AndroidManifest.xml:31:13-33:52
135                android:name="androidx.lifecycle.ProcessLifecycleInitializer"
135-->[androidx.lifecycle:lifecycle-process:2.4.0] AndroidManifest.xml:32:17-78
136                android:value="androidx.startup" />
136-->[androidx.lifecycle:lifecycle-process:2.4.0] AndroidManifest.xml:33:17-49
137        </provider>
138
139        <uses-library
139-->[androidx.window:window:1.0.0] AndroidManifest.xml:25:9-27:40
140            android:name="androidx.window.extensions"
140-->[androidx.window:window:1.0.0] AndroidManifest.xml:26:13-54
141            android:required="false" />
141-->[androidx.window:window:1.0.0] AndroidManifest.xml:27:13-37
142        <uses-library
142-->[androidx.window:window:1.0.0] AndroidManifest.xml:28:9-30:40
143            android:name="androidx.window.sidecar"
143-->[androidx.window:window:1.0.0] AndroidManifest.xml:29:13-51
144            android:required="false" />
144-->[androidx.window:window:1.0.0] AndroidManifest.xml:30:13-37
145    </application>
146
147</manifest>